빌드 시작: 2016-12-16 오후 4:59:29
     1>2 노드의 "C:\Users\유진\documents\visual studio 2010\Projects\wantmovieR2\wantmovieR2.vcxproj" 프로젝트(build 대상)입니다.
     1>InitializeBuildStatus:
         "AlwaysCreate"이(가) 지정되었기 때문에 "Debug\wantmovieR2.unsuccessfulbuild"을(를) 만들고 있습니다.
       ClCompile:
         모든 출력이 최신 상태입니다.
         C:\Program Files (x86)\Microsoft Visual Studio 10.0\VC\bin\CL.exe /c /ZI /nologo /W3 /WX- /Od /Oy- /D WIN32 /D _WINDOWS /D _DEBUG /D _UNICODE /D UNICODE /D _AFXDLL /Gm /EHsc /RTC1 /MDd /GS /fp:precise /Zc:wchar_t /Zc:forScope /Yu"StdAfx.h" /Fp"Debug\wantmovieR2.pch" /Fo"Debug\\" /Fd"Debug\vc100.pdb" /Gd /TP /analyze- /errorReport:prompt wantmovieR2.cpp wantmovieR2Dlg.cpp
         wantmovieR2Dlg.cpp
     1>c:\users\유진\documents\visual studio 2010\projects\wantmovier2\resource.h(28): warning C4005: 'IDCANCEL' : 매크로 재정의
                 c:\program files (x86)\microsoft sdks\windows\v7.0a\include\winuser.h(9293) : 'IDCANCEL'의 이전 정의를 참조하십시오.
         코드를 생성하고 있습니다...
         컴파일하고 있습니다...
         wantmovieR2.cpp
     1>c:\users\유진\documents\visual studio 2010\projects\wantmovier2\resource.h(28): warning C4005: 'IDCANCEL' : 매크로 재정의
                 c:\program files (x86)\microsoft sdks\windows\v7.0a\include\winuser.h(9293) : 'IDCANCEL'의 이전 정의를 참조하십시오.
         코드를 생성하고 있습니다...
       ResourceCompile:
         C:\Program Files (x86)\Microsoft SDKs\Windows\v7.0A\bin\rc.exe /D _DEBUG /D _UNICODE /D UNICODE /D _AFXDLL /l"0x0412" /IDebug\ /nologo /fo"Debug\wantmovieR2.res" wantmovieR2.rc 
     1>C:\Program Files (x86)\Microsoft SDKs\Windows\v7.0A\include\winuser.rh(1328): warning RC4005: 'IDCANCEL' : redefinition
         
       ManifestResourceCompile:
         모든 출력이 최신 상태입니다.
       Link:
         C:\Program Files (x86)\Microsoft Visual Studio 10.0\VC\bin\link.exe /ERRORREPORT:PROMPT /OUT:"C:\Users\유진\documents\visual studio 2010\Projects\wantmovieR2\Debug\wantmovieR2.exe" /INCREMENTAL /NOLOGO /MANIFEST /ManifestFile:"Debug\wantmovieR2.exe.intermediate.manifest" /MANIFESTUAC:"level='asInvoker' uiAccess='false'" /DEBUG /PDB:"C:\Users\유진\documents\visual studio 2010\Projects\wantmovieR2\Debug\wantmovieR2.pdb" /SUBSYSTEM:WINDOWS /TLBID:1 /ENTRY:"wWinMainCRTStartup" /DYNAMICBASE /NXCOMPAT /IMPLIB:"C:\Users\유진\documents\visual studio 2010\Projects\wantmovieR2\Debug\wantmovieR2.lib" /MACHINE:X86 Debug\wantmovieR2.res
         Debug\wantmovieR2.exe.embed.manifest.res
         Debug\stdafx.obj
         Debug\wantmovieR2.obj
         Debug\wantmovieR2Dlg.obj
       Manifest:
         C:\Program Files (x86)\Microsoft SDKs\Windows\v7.0A\bin\mt.exe /nologo /verbose /out:"Debug\wantmovieR2.exe.embed.manifest" /manifest Debug\wantmovieR2.exe.intermediate.manifest "C:\Program Files (x86)\Microsoft Visual Studio 10.0\VC\Include\Manifest\dpiaware.manifest"
         모든 출력이 최신 상태입니다.
       LinkEmbedManifest:
         모든 출력이 최신 상태입니다.
         wantmovieR2.vcxproj -> C:\Users\유진\documents\visual studio 2010\Projects\wantmovieR2\Debug\wantmovieR2.exe
       FinalizeBuildStatus:
         "Debug\wantmovieR2.unsuccessfulbuild" 파일을 삭제하고 있습니다.
         "Debug\wantmovieR2.lastbuildstate"에 연결(touching)하고 있습니다.
     1>"C:\Users\유진\documents\visual studio 2010\Projects\wantmovieR2\wantmovieR2.vcxproj" 프로젝트를 빌드했습니다(build 대상).

빌드했습니다.

경과 시간: 00:00:02.85
